# JRE version: OpenJDK Runtime Environment Temurin-17.0.3+7 (17.0.3+7) (build 17.0.3+7)
# Java VM: OpenJDK 64-Bit Server VM Temurin-17.0.3+7 (17.0.3+7, mixed mode, tiered, compressed oops, compressed class ptrs, parallel gc, linux-amd64)
GC Precious Log:
 CPUs: 8 total, 8 available
 Memory: 15962M
 Large Page Support: Disabled
 NUMA Support: Disabled
 Compressed Oops: Enabled (32-bit)
 Alignments: Space 512K, Generation 512K, Heap 2M
 Heap Min Capacity: 100M
 Heap Initial Capacity: 100M
 Heap Max Capacity: 1G
 Pre-touch: Disabled
 Parallel Workers: 8
Heap:
 PSYoungGen      total 11264K, used 9041K [0x00000000eab00000, 0x00000000eb800000, 0x0000000100000000)
  eden space 9216K, 79% used [0x00000000eab00000,0x00000000eb22cfe0,0x00000000eb400000)
  from space 2048K, 82% used [0x00000000eb400000,0x00000000eb5a75d0,0x00000000eb600000)
  to   space 2048K, 0% used [0x00000000eb600000,0x00000000eb600000,0x00000000eb800000)
 ParOldGen       total 87552K, used 78778K [0x00000000c0000000, 0x00000000c5580000, 0x00000000eab00000)
  object space 87552K, 89% used [0x00000000c0000000,0x00000000c4ceeb58,0x00000000c5580000)
 Metaspace       used 79928K, committed 80960K, reserved 1122304K
  class space    used 8026K, committed 8512K, reserved 1048576K
GC Heap History (20 events):
Event: 434.502 GC heap before
{Heap before GC invocations=1136 (full 34):
 PSYoungGen      total 5632K, used 4004K [0x00000000eab00000, 0x00000000eba80000, 0x0000000100000000)
  eden space 5120K, 68% used [0x00000000eab00000,0x00000000eae6a920,0x00000000eb000000)
  from space 512K, 98% used [0x00000000eb400000,0x00000000eb47e760,0x00000000eb480000)
  to   space 4096K, 0% used [0x00000000eb000000,0x00000000eb000000,0x00000000eb400000)
 ParOldGen       total 87552K, used 64154K [0x00000000c0000000, 0x00000000c5580000, 0x00000000eab00000)
  object space 87552K, 73% used [0x00000000c0000000,0x00000000c3ea6938,0x00000000c5580000)
 Metaspace       used 79905K, committed 80960K, reserved 1122304K
  class space    used 8026K, committed 8512K, reserved 1048576K
}
Event: 434.503 GC heap after
{Heap after GC invocations=1136 (full 34):
 PSYoungGen      total 5632K, used 160K [0x00000000eab00000, 0x00000000eb480000, 0x0000000100000000)
  eden space 5120K, 0% used [0x00000000eab00000,0x00000000eab00000,0x00000000eb000000)
  from space 512K, 31% used [0x00000000eb000000,0x00000000eb028000,0x00000000eb080000)
  to   space 1536K, 0% used [0x00000000eb300000,0x00000000eb300000,0x00000000eb480000)
 ParOldGen       total 87552K, used 64473K [0x00000000c0000000, 0x00000000c5580000, 0x00000000eab00000)
  object space 87552K, 73% used [0x00000000c0000000,0x00000000c3ef67c8,0x00000000c5580000)
 Metaspace       used 79905K, committed 80960K, reserved 1122304K
  class space    used 8026K, committed 8512K, reserved 1048576K
}
Event: 434.508 GC heap before
{Heap before GC invocations=1137 (full 34):
 PSYoungGen      total 5632K, used 5199K [0x00000000eab00000, 0x00000000eb480000, 0x0000000100000000)
  eden space 5120K, 98% used [0x00000000eab00000,0x00000000eafebd38,0x00000000eb000000)
  from space 512K, 31% used [0x00000000eb000000,0x00000000eb028000,0x00000000eb080000)
  to   space 1536K, 0% used [0x00000000eb300000,0x00000000eb300000,0x00000000eb480000)
 ParOldGen       total 87552K, used 64473K [0x00000000c0000000, 0x00000000c5580000, 0x00000000eab00000)
  object space 87552K, 73% used [0x00000000c0000000,0x00000000c3ef67c8,0x00000000c5580000)
 Metaspace       used 79905K, committed 80960K, reserved 1122304K
  class space    used 8026K, committed 8512K, reserved 1048576K
}
Event: 434.509 GC heap after
{Heap after GC invocations=1137 (full 34):
 PSYoungGen      total 6656K, used 256K [0x00000000eab00000, 0x00000000eb380000, 0x0000000100000000)
  eden space 6144K, 0% used [0x00000000eab00000,0x00000000eab00000,0x00000000eb100000)
  from space 512K, 50% used [0x00000000eb300000,0x00000000eb340000,0x00000000eb380000)
  to   space 512K, 0% used [0x00000000eb280000,0x00000000eb280000,0x00000000eb300000)
 ParOldGen       total 87552K, used 68228K [0x00000000c0000000, 0x00000000c5580000, 0x00000000eab00000)
  object space 87552K, 77% used [0x00000000c0000000,0x00000000c42a1088,0x00000000c5580000)
 Metaspace       used 79905K, committed 80960K, reserved 1122304K
  class space    used 8026K, committed 8512K, reserved 1048576K
}
Event: 434.519 GC heap before
{Heap before GC invocations=1138 (full 34):
 PSYoungGen      total 6656K, used 6264K [0x00000000eab00000, 0x00000000eb380000, 0x0000000100000000)
  eden space 6144K, 97% used [0x00000000eab00000,0x00000000eb0de0b8,0x00000000eb100000)
  from space 512K, 50% used [0x00000000eb300000,0x00000000eb340000,0x00000000eb380000)
  to   space 512K, 0% used [0x00000000eb280000,0x00000000eb280000,0x00000000eb300000)
 ParOldGen       total 87552K, used 68228K [0x00000000c0000000, 0x00000000c5580000, 0x00000000eab00000)
  object space 87552K, 77% used [0x00000000c0000000,0x00000000c42a1088,0x00000000c5580000)
 Metaspace       used 79906K, committed 80960K, reserved 1122304K
  class space    used 8026K, committed 8512K, reserved 1048576K
}
Event: 434.521 GC heap after
{Heap after GC invocations=1138 (full 34):
 PSYoungGen      total 8192K, used 512K [0x00000000eab00000, 0x00000000ebd80000, 0x0000000100000000)
  eden space 7680K, 0% used [0x00000000eab00000,0x00000000eab00000,0x00000000eb280000)
  from space 512K, 100% used [0x00000000eb280000,0x00000000eb300000,0x00000000eb300000)
  to   space 5632K, 0% used [0x00000000eb800000,0x00000000eb800000,0x00000000ebd80000)
 ParOldGen       total 87552K, used 72380K [0x00000000c0000000, 0x00000000c5580000, 0x00000000eab00000)
  object space 87552K, 82% used [0x00000000c0000000,0x00000000c46af228,0x00000000c5580000)
 Metaspace       used 79906K, committed 80960K, reserved 1122304K
  class space    used 8026K, committed 8512K, reserved 1048576K
}
Event: 434.528 GC heap before
{Heap before GC invocations=1139 (full 34):
 PSYoungGen      total 8192K, used 7935K [0x00000000eab00000, 0x00000000ebd80000, 0x0000000100000000)
  eden space 7680K, 96% used [0x00000000eab00000,0x00000000eb23ff70,0x00000000eb280000)
  from space 512K, 100% used [0x00000000eb280000,0x00000000eb300000,0x00000000eb300000)
  to   space 5632K, 0% used [0x00000000eb800000,0x00000000eb800000,0x00000000ebd80000)
 ParOldGen       total 87552K, used 72380K [0x00000000c0000000, 0x00000000c5580000, 0x00000000eab00000)
  object space 87552K, 82% used [0x00000000c0000000,0x00000000c46af228,0x00000000c5580000)
 Metaspace       used 79909K, committed 80960K, reserved 1122304K
  class space    used 8026K, committed 8512K, reserved 1048576K
}
Event: 434.529 GC heap after
{Heap after GC invocations=1139 (full 34):
 PSYoungGen      total 9728K, used 192K [0x00000000eab00000, 0x00000000eb880000, 0x0000000100000000)
  eden space 9216K, 0% used [0x00000000eab00000,0x00000000eab00000,0x00000000eb400000)
  from space 512K, 37% used [0x00000000eb800000,0x00000000eb830000,0x00000000eb880000)
  to   space 2048K, 0% used [0x00000000eb480000,0x00000000eb480000,0x00000000eb680000)
 ParOldGen       total 87552K, used 72868K [0x00000000c0000000, 0x00000000c5580000, 0x00000000eab00000)
  object space 87552K, 83% used [0x00000000c0000000,0x00000000c4729228,0x00000000c5580000)
 Metaspace       used 79909K, committed 80960K, reserved 1122304K
  class space    used 8026K, committed 8512K, reserved 1048576K
}
Event: 434.538 GC heap before
{Heap before GC invocations=1140 (full 34):
 PSYoungGen      total 9728K, used 8004K [0x00000000eab00000, 0x00000000eb880000, 0x0000000100000000)
  eden space 9216K, 84% used [0x00000000eab00000,0x00000000eb2a1058,0x00000000eb400000)
  from space 512K, 37% used [0x00000000eb800000,0x00000000eb830000,0x00000000eb880000)
  to   space 2048K, 0% used [0x00000000eb480000,0x00000000eb480000,0x00000000eb680000)
 ParOldGen       total 87552K, used 72868K [0x00000000c0000000, 0x00000000c5580000, 0x00000000eab00000)
  object space 87552K, 83% used [0x00000000c0000000,0x00000000c4729228,0x00000000c5580000)
 Metaspace       used 79909K, committed 80960K, reserved 1122304K
  class space    used 8026K, committed 8512K, reserved 1048576K
}
Event: 434.539 GC heap after
{Heap after GC invocations=1140 (full 34):
 PSYoungGen      total 11776K, used 800K [0x00000000eab00000, 0x00000000eb880000, 0x0000000100000000)
  eden space 9728K, 0% used [0x00000000eab00000,0x00000000eab00000,0x00000000eb480000)
  from space 2048K, 39% used [0x00000000eb480000,0x00000000eb548000,0x00000000eb680000)
  to   space 1024K, 0% used [0x00000000eb780000,0x00000000eb780000,0x00000000eb880000)
 ParOldGen       total 87552K, used 73004K [0x00000000c0000000, 0x00000000c5580000, 0x00000000eab00000)
  object space 87552K, 83% used [0x00000000c0000000,0x00000000c474b228,0x00000000c5580000)
 Metaspace       used 79909K, committed 80960K, reserved 1122304K
  class space    used 8026K, committed 8512K, reserved 1048576K
}
Event: 434.551 GC heap before
{Heap before GC invocations=1141 (full 34):
 PSYoungGen      total 11776K, used 10528K [0x00000000eab00000, 0x00000000eb880000, 0x0000000100000000)
  eden space 9728K, 100% used [0x00000000eab00000,0x00000000eb480000,0x00000000eb480000)
  from space 2048K, 39% used [0x00000000eb480000,0x00000000eb548000,0x00000000eb680000)
  to   space 1024K, 0% used [0x00000000eb780000,0x00000000eb780000,0x00000000eb880000)
 ParOldGen       total 87552K, used 73004K [0x00000000c0000000, 0x00000000c5580000, 0x00000000eab00000)
  object space 87552K, 83% used [0x00000000c0000000,0x00000000c474b228,0x00000000c5580000)
 Metaspace       used 79909K, committed 80960K, reserved 1122304K
  class space    used 8026K, committed 8512K, reserved 1048576K
}
Event: 434.552 GC heap after
{Heap after GC invocations=1141 (full 34):
 PSYoungGen      total 10240K, used 480K [0x00000000eab00000, 0x00000000eb800000, 0x0000000100000000)
  eden space 9728K, 0% used [0x00000000eab00000,0x00000000eab00000,0x00000000eb480000)
  from space 512K, 93% used [0x00000000eb780000,0x00000000eb7f8000,0x00000000eb800000)
  to   space 1024K, 0% used [0x00000000eb600000,0x00000000eb600000,0x00000000eb700000)
 ParOldGen       total 87552K, used 73689K [0x00000000c0000000, 0x00000000c5580000, 0x00000000eab00000)
  object space 87552K, 84% used [0x00000000c0000000,0x00000000c47f66a8,0x00000000c5580000)
 Metaspace       used 79909K, committed 80960K, reserved 1122304K
  class space    used 8026K, committed 8512K, reserved 1048576K
}
Event: 434.564 GC heap before
{Heap before GC invocations=1142 (full 34):
 PSYoungGen      total 10240K, used 10036K [0x00000000eab00000, 0x00000000eb800000, 0x0000000100000000)
  eden space 9728K, 98% used [0x00000000eab00000,0x00000000eb4552d0,0x00000000eb480000)
  from space 512K, 93% used [0x00000000eb780000,0x00000000eb7f8000,0x00000000eb800000)
  to   space 1024K, 0% used [0x00000000eb600000,0x00000000eb600000,0x00000000eb700000)
 ParOldGen       total 87552K, used 73689K [0x00000000c0000000, 0x00000000c5580000, 0x00000000eab00000)
  object space 87552K, 84% used [0x00000000c0000000,0x00000000c47f66a8,0x00000000c5580000)
 Metaspace       used 79925K, committed 80960K, reserved 1122304K
  class space    used 8026K, committed 8512K, reserved 1048576K
}
Event: 434.565 GC heap after
{Heap after GC invocations=1142 (full 34):
 PSYoungGen      total 10752K, used 976K [0x00000000eab00000, 0x00000000eb800000, 0x0000000100000000)
  eden space 9728K, 0% used [0x00000000eab00000,0x00000000eab00000,0x00000000eb480000)
  from space 1024K, 95% used [0x00000000eb600000,0x00000000eb6f4290,0x00000000eb700000)
  to   space 1024K, 0% used [0x00000000eb700000,0x00000000eb700000,0x00000000eb800000)
 ParOldGen       total 87552K, used 75966K [0x00000000c0000000, 0x00000000c5580000, 0x00000000eab00000)
  object space 87552K, 86% used [0x00000000c0000000,0x00000000c4a2fb08,0x00000000c5580000)
 Metaspace       used 79925K, committed 80960K, reserved 1122304K
  class space    used 8026K, committed 8512K, reserved 1048576K
}
Event: 434.575 GC heap before
{Heap before GC invocations=1143 (full 34):
 PSYoungGen      total 10752K, used 9712K [0x00000000eab00000, 0x00000000eb800000, 0x0000000100000000)
  eden space 9728K, 89% used [0x00000000eab00000,0x00000000eb387f18,0x00000000eb480000)
  from space 1024K, 95% used [0x00000000eb600000,0x00000000eb6f4290,0x00000000eb700000)
  to   space 1024K, 0% used [0x00000000eb700000,0x00000000eb700000,0x00000000eb800000)
 ParOldGen       total 87552K, used 75966K [0x00000000c0000000, 0x00000000c5580000, 0x00000000eab00000)
  object space 87552K, 86% used [0x00000000c0000000,0x00000000c4a2fb08,0x00000000c5580000)
 Metaspace       used 79926K, committed 80960K, reserved 1122304K
  class space    used 8026K, committed 8512K, reserved 1048576K
}
Event: 434.576 GC heap after
{Heap after GC invocations=1143 (full 34):
 PSYoungGen      total 10240K, used 160K [0x00000000eab00000, 0x00000000eb780000, 0x0000000100000000)
  eden space 9728K, 0% used [0x00000000eab00000,0x00000000eab00000,0x00000000eb480000)
  from space 512K, 31% used [0x00000000eb700000,0x00000000eb728000,0x00000000eb780000)
  to   space 512K, 0% used [0x00000000eb680000,0x00000000eb680000,0x00000000eb700000)
 ParOldGen       total 87552K, used 76366K [0x00000000c0000000, 0x00000000c5580000, 0x00000000eab00000)
  object space 87552K, 87% used [0x00000000c0000000,0x00000000c4a93b08,0x00000000c5580000)
 Metaspace       used 79926K, committed 80960K, reserved 1122304K
  class space    used 8026K, committed 8512K, reserved 1048576K
}
Event: 434.584 GC heap before
{Heap before GC invocations=1144 (full 34):
 PSYoungGen      total 10240K, used 9888K [0x00000000eab00000, 0x00000000eb780000, 0x0000000100000000)
  eden space 9728K, 100% used [0x00000000eab00000,0x00000000eb480000,0x00000000eb480000)
  from space 512K, 31% used [0x00000000eb700000,0x00000000eb728000,0x00000000eb780000)
  to   space 512K, 0% used [0x00000000eb680000,0x00000000eb680000,0x00000000eb700000)
 ParOldGen       total 87552K, used 76366K [0x00000000c0000000, 0x00000000c5580000, 0x00000000eab00000)
  object space 87552K, 87% used [0x00000000c0000000,0x00000000c4a93b08,0x00000000c5580000)
 Metaspace       used 79926K, committed 80960K, reserved 1122304K
  class space    used 8026K, committed 8512K, reserved 1048576K
}
Event: 434.585 GC heap after
{Heap after GC invocations=1144 (full 34):
 PSYoungGen      total 10240K, used 512K [0x00000000eab00000, 0x00000000eb780000, 0x0000000100000000)
  eden space 9728K, 0% used [0x00000000eab00000,0x00000000eab00000,0x00000000eb480000)
  from space 512K, 100% used [0x00000000eb680000,0x00000000eb700000,0x00000000eb700000)
  to   space 512K, 0% used [0x00000000eb700000,0x00000000eb700000,0x00000000eb780000)
 ParOldGen       total 87552K, used 76438K [0x00000000c0000000, 0x00000000c5580000, 0x00000000eab00000)
  object space 87552K, 87% used [0x00000000c0000000,0x00000000c4aa5b08,0x00000000c5580000)
 Metaspace       used 79926K, committed 80960K, reserved 1122304K
  class space    used 8026K, committed 8512K, reserved 1048576K
}
Event: 434.615 GC heap before
{Heap before GC invocations=1145 (full 34):
 PSYoungGen      total 10240K, used 10240K [0x00000000eab00000, 0x00000000eb780000, 0x0000000100000000)
  eden space 9728K, 100% used [0x00000000eab00000,0x00000000eb480000,0x00000000eb480000)
  from space 512K, 100% used [0x00000000eb680000,0x00000000eb700000,0x00000000eb700000)
  to   space 512K, 0% used [0x00000000eb700000,0x00000000eb700000,0x00000000eb780000)
 ParOldGen       total 87552K, used 76438K [0x00000000c0000000, 0x00000000c5580000, 0x00000000eab00000)
  object space 87552K, 87% used [0x00000000c0000000,0x00000000c4aa5b08,0x00000000c5580000)
 Metaspace       used 79926K, committed 80960K, reserved 1122304K
  class space    used 8026K, committed 8512K, reserved 1048576K
}
Event: 434.617 GC heap after
{Heap after GC invocations=1145 (full 34):
 PSYoungGen      total 9728K, used 509K [0x00000000eab00000, 0x00000000eba80000, 0x0000000100000000)
  eden space 9216K, 0% used [0x00000000eab00000,0x00000000eab00000,0x00000000eb400000)
  from space 512K, 99% used [0x00000000eb700000,0x00000000eb77f5c0,0x00000000eb780000)
  to   space 3072K, 0% used [0x00000000eb400000,0x00000000eb400000,0x00000000eb700000)
 ParOldGen       total 87552K, used 78262K [0x00000000c0000000, 0x00000000c5580000, 0x00000000eab00000)
  object space 87552K, 89% used [0x00000000c0000000,0x00000000c4c6db48,0x00000000c5580000)
 Metaspace       used 79926K, committed 80960K, reserved 1122304K
  class space    used 8026K, committed 8512K, reserved 1048576K
}

